Mar 22 21:16:32 cscript script processing begins
Mar 22 21:16:32 reading commit script configuration
Mar 22 21:16:32 testing commit script configuration
Mar 22 21:16:32 cscript script processing ends
Mar 22 21:16:32 cscript script processing begins
Mar 22 21:16:32 reading commit script configuration
Mar 22 21:16:32 testing commit script configuration
Mar 22 21:16:32 cscript script processing ends
Mar 22 22:03:02 cscript script processing begins
Mar 22 22:03:02 reading commit script configuration
Mar 22 22:03:02 testing commit script configuration
Mar 22 22:03:02 cscript script processing ends
Mar 22 22:03:03 cscript script processing begins
Mar 22 22:03:03 reading commit script configuration
Mar 22 22:03:03 testing commit script configuration
Mar 22 22:03:03 cscript script processing ends
Mar 22 23:03:26 cscript script processing begins
Mar 22 23:03:26 reading commit script configuration
Mar 22 23:03:26 testing commit script configuration
Mar 22 23:03:26 cscript script processing ends
Mar 22 23:03:27 cscript script processing begins
Mar 22 23:03:27 reading commit script configuration
Mar 22 23:03:27 testing commit script configuration
Mar 22 23:03:27 cscript script processing ends
Mar 25 23:20:43 cscript script processing begins
Mar 25 23:20:43 reading commit script configuration
Mar 25 23:20:43 testing commit script configuration
Mar 25 23:20:43 cscript script processing ends
Mar 25 23:20:44 cscript script processing begins
Mar 25 23:20:44 reading commit script configuration
Mar 25 23:20:44 testing commit script configuration
Mar 25 23:20:44 cscript script processing ends
Mar 25 23:42:28 cscript script processing begins
Mar 25 23:42:28 reading commit script configuration
Mar 25 23:42:28 testing commit script configuration
Mar 25 23:42:28 cscript script processing ends
Mar 25 23:42:29 cscript script processing begins
Mar 25 23:42:29 reading commit script configuration
Mar 25 23:42:29 testing commit script configuration
Mar 25 23:42:29 cscript script processing ends
Mar 26 01:10:15 cscript script processing begins
Mar 26 01:10:15 reading commit script configuration
Mar 26 01:10:15 testing commit script configuration
Mar 26 01:10:15 cscript script processing ends
Mar 26 01:10:16 cscript script processing begins
Mar 26 01:10:16 reading commit script configuration
Mar 26 01:10:16 testing commit script configuration
Mar 26 01:10:16 cscript script processing ends
Mar 26 01:19:11 cscript script processing begins
Mar 26 01:19:11 reading commit script configuration
Mar 26 01:19:11 testing commit script configuration
Mar 26 01:19:11 cscript script processing ends
Mar 26 01:19:11 cscript script processing begins
Mar 26 01:19:11 reading commit script configuration
Mar 26 01:19:11 testing commit script configuration
Mar 26 01:19:11 cscript script processing ends
Mar 26 01:37:52 cscript script processing begins
Mar 26 01:37:52 reading commit script configuration
Mar 26 01:37:52 testing commit script configuration
Mar 26 01:37:52 cscript script processing ends
Mar 26 01:37:52 cscript script processing begins
Mar 26 01:37:52 reading commit script configuration
Mar 26 01:37:52 testing commit script configuration
Mar 26 01:37:52 cscript script processing ends
Mar 26 02:31:22 cscript script processing begins
Mar 26 02:31:22 reading commit script configuration
Mar 26 02:31:22 testing commit script configuration
Mar 26 02:31:22 cscript script processing ends
Mar 26 02:31:23 cscript script processing begins
Mar 26 02:31:23 reading commit script configuration
Mar 26 02:31:23 testing commit script configuration
Mar 26 02:31:23 cscript script processing ends
Mar 26 19:17:53 cscript script processing begins
Mar 26 19:17:53 reading commit script configuration
Mar 26 19:17:53 testing commit script configuration
Mar 26 19:17:53 cscript script processing ends
Mar 26 19:17:54 cscript script processing begins
Mar 26 19:17:54 reading commit script configuration
Mar 26 19:17:54 testing commit script configuration
Mar 26 19:17:54 cscript script processing ends
Mar 26 22:50:51 cscript script processing begins
Mar 26 22:50:51 reading commit script configuration
Mar 26 22:50:51 testing commit script configuration
Mar 26 22:50:51 cscript script processing ends
Mar 26 22:50:52 cscript script processing begins
Mar 26 22:50:52 reading commit script configuration
Mar 26 22:50:52 testing commit script configuration
Mar 26 22:50:52 cscript script processing ends
Mar 27 12:21:51 cscript script processing begins
Mar 27 12:21:51 reading commit script configuration
Mar 27 12:21:51 testing commit script configuration
Mar 27 12:21:51 cscript script processing ends
Mar 27 12:21:52 cscript script processing begins
Mar 27 12:21:52 reading commit script configuration
Mar 27 12:21:52 testing commit script configuration
Mar 27 12:21:52 cscript script processing ends
Mar 27 18:35:10 cscript script processing begins
Mar 27 18:35:10 reading commit script configuration
Mar 27 18:35:10 testing commit script configuration
Mar 27 18:35:10 cscript script processing ends
Mar 27 18:35:11 cscript script processing begins
Mar 27 18:35:11 reading commit script configuration
Mar 27 18:35:11 testing commit script configuration
Mar 27 18:35:11 cscript script processing ends
Mar 28 21:06:30 cscript script processing begins
Mar 28 21:06:30 reading commit script configuration
Mar 28 21:06:30 testing commit script configuration
Mar 28 21:06:30 cscript script processing ends
Mar 28 21:06:31 cscript script processing begins
Mar 28 21:06:31 reading commit script configuration
Mar 28 21:06:31 testing commit script configuration
Mar 28 21:06:31 cscript script processing ends
Apr  5 10:42:38 cscript script processing begins
Apr  5 10:42:38 reading commit script configuration
Apr  5 10:42:38 testing commit script configuration
Apr  5 10:42:38 cscript script processing ends
Apr  5 10:42:39 cscript script processing begins
Apr  5 10:42:39 reading commit script configuration
Apr  5 10:42:39 testing commit script configuration
Apr  5 10:42:39 cscript script processing ends
Apr  5 12:29:15 cscript script processing begins
Apr  5 12:29:15 reading commit script configuration
Apr  5 12:29:15 testing commit script configuration
Apr  5 12:29:15 cscript script processing ends
Apr  5 12:29:16 cscript script processing begins
Apr  5 12:29:16 reading commit script configuration
Apr  5 12:29:16 testing commit script configuration
Apr  5 12:29:16 cscript script processing ends
Apr  5 12:29:27 cscript script processing begins
Apr  5 12:29:27 reading commit script configuration
Apr  5 12:29:27 testing commit script configuration
Apr  5 12:29:27 cscript script processing ends
Apr  5 12:29:28 cscript script processing begins
Apr  5 12:29:28 reading commit script configuration
Apr  5 12:29:28 testing commit script configuration
Apr  5 12:29:28 cscript script processing ends
Apr  5 12:36:12 cscript script processing begins
Apr  5 12:36:12 reading commit script configuration
Apr  5 12:36:12 testing commit script configuration
Apr  5 12:36:12 cscript script processing ends
Apr  5 12:36:13 cscript script processing begins
Apr  5 12:36:13 reading commit script configuration
Apr  5 12:36:13 testing commit script configuration
Apr  5 12:36:13 cscript script processing ends
Apr 21 21:06:13 cscript script processing begins
Apr 21 21:06:13 reading commit script configuration
Apr 21 21:06:13 testing commit script configuration
Apr 21 21:06:13 cscript script processing ends
Apr 21 21:06:13 cscript script processing begins
Apr 21 21:06:13 reading commit script configuration
Apr 21 21:06:13 testing commit script configuration
Apr 21 21:06:13 cscript script processing ends
Apr 24 01:06:27 cscript script processing begins
Apr 24 01:06:27 reading commit script configuration
Apr 24 01:06:27 testing commit script configuration
Apr 24 01:06:27 cscript script processing ends
Apr 24 01:06:28 cscript script processing begins
Apr 24 01:06:28 reading commit script configuration
Apr 24 01:06:28 testing commit script configuration
Apr 24 01:06:28 cscript script processing ends
