Mar 22 21:16:33 cscript script processing begins
Mar 22 21:16:33 reading commit script configuration
Mar 22 21:16:33 testing commit script configuration
Mar 22 21:16:33 cscript script processing ends
Mar 22 21:16:34 cscript script processing begins
Mar 22 21:16:34 reading commit script configuration
Mar 22 21:16:34 testing commit script configuration
Mar 22 21:16:34 cscript script processing ends
Mar 22 22:03:01 cscript script processing begins
Mar 22 22:03:01 reading commit script configuration
Mar 22 22:03:01 testing commit script configuration
Mar 22 22:03:01 cscript script processing ends
Mar 22 22:03:02 cscript script processing begins
Mar 22 22:03:02 reading commit script configuration
Mar 22 22:03:02 testing commit script configuration
Mar 22 22:03:02 cscript script processing ends
Mar 22 23:03:29 cscript script processing begins
Mar 22 23:03:29 reading commit script configuration
Mar 22 23:03:29 testing commit script configuration
Mar 22 23:03:29 cscript script processing ends
Mar 22 23:03:30 cscript script processing begins
Mar 22 23:03:30 reading commit script configuration
Mar 22 23:03:30 testing commit script configuration
Mar 22 23:03:30 cscript script processing ends
Mar 25 23:20:41 cscript script processing begins
Mar 25 23:20:41 reading commit script configuration
Mar 25 23:20:41 testing commit script configuration
Mar 25 23:20:41 cscript script processing ends
Mar 25 23:20:42 cscript script processing begins
Mar 25 23:20:42 reading commit script configuration
Mar 25 23:20:42 testing commit script configuration
Mar 25 23:20:42 cscript script processing ends
Mar 25 23:42:32 cscript script processing begins
Mar 25 23:42:32 reading commit script configuration
Mar 25 23:42:32 testing commit script configuration
Mar 25 23:42:32 cscript script processing ends
Mar 25 23:42:33 cscript script processing begins
Mar 25 23:42:33 reading commit script configuration
Mar 25 23:42:33 testing commit script configuration
Mar 25 23:42:33 cscript script processing ends
Mar 26 01:10:16 cscript script processing begins
Mar 26 01:10:16 reading commit script configuration
Mar 26 01:10:16 testing commit script configuration
Mar 26 01:10:16 cscript script processing ends
Mar 26 01:10:17 cscript script processing begins
Mar 26 01:10:17 reading commit script configuration
Mar 26 01:10:17 testing commit script configuration
Mar 26 01:10:17 cscript script processing ends
Mar 26 01:19:13 cscript script processing begins
Mar 26 01:19:13 reading commit script configuration
Mar 26 01:19:13 testing commit script configuration
Mar 26 01:19:13 cscript script processing ends
Mar 26 01:19:14 cscript script processing begins
Mar 26 01:19:14 reading commit script configuration
Mar 26 01:19:14 testing commit script configuration
Mar 26 01:19:14 cscript script processing ends
Mar 26 01:37:53 cscript script processing begins
Mar 26 01:37:53 reading commit script configuration
Mar 26 01:37:53 testing commit script configuration
Mar 26 01:37:53 cscript script processing ends
Mar 26 01:37:54 cscript script processing begins
Mar 26 01:37:54 reading commit script configuration
Mar 26 01:37:54 testing commit script configuration
Mar 26 01:37:54 cscript script processing ends
Mar 26 02:31:20 cscript script processing begins
Mar 26 02:31:20 reading commit script configuration
Mar 26 02:31:20 testing commit script configuration
Mar 26 02:31:20 cscript script processing ends
Mar 26 02:31:21 cscript script processing begins
Mar 26 02:31:21 reading commit script configuration
Mar 26 02:31:21 testing commit script configuration
Mar 26 02:31:21 cscript script processing ends
Mar 26 19:17:55 cscript script processing begins
Mar 26 19:17:55 reading commit script configuration
Mar 26 19:17:55 testing commit script configuration
Mar 26 19:17:55 cscript script processing ends
Mar 26 19:17:56 cscript script processing begins
Mar 26 19:17:56 reading commit script configuration
Mar 26 19:17:56 testing commit script configuration
Mar 26 19:17:56 cscript script processing ends
Mar 26 22:50:48 cscript script processing begins
Mar 26 22:50:48 reading commit script configuration
Mar 26 22:50:48 testing commit script configuration
Mar 26 22:50:48 cscript script processing ends
Mar 26 22:50:49 cscript script processing begins
Mar 26 22:50:49 reading commit script configuration
Mar 26 22:50:49 testing commit script configuration
Mar 26 22:50:49 cscript script processing ends
Mar 27 12:21:52 cscript script processing begins
Mar 27 12:21:52 reading commit script configuration
Mar 27 12:21:52 testing commit script configuration
Mar 27 12:21:52 cscript script processing ends
Mar 27 12:21:53 cscript script processing begins
Mar 27 12:21:53 reading commit script configuration
Mar 27 12:21:53 testing commit script configuration
Mar 27 12:21:53 cscript script processing ends
Mar 27 18:35:07 cscript script processing begins
Mar 27 18:35:07 reading commit script configuration
Mar 27 18:35:07 testing commit script configuration
Mar 27 18:35:07 cscript script processing ends
Mar 27 18:35:08 cscript script processing begins
Mar 27 18:35:08 reading commit script configuration
Mar 27 18:35:08 testing commit script configuration
Mar 27 18:35:08 cscript script processing ends
Mar 28 21:06:31 cscript script processing begins
Mar 28 21:06:31 reading commit script configuration
Mar 28 21:06:31 testing commit script configuration
Mar 28 21:06:31 cscript script processing ends
Mar 28 21:06:32 cscript script processing begins
Mar 28 21:06:32 reading commit script configuration
Mar 28 21:06:32 testing commit script configuration
Mar 28 21:06:32 cscript script processing ends
Apr  5 10:42:37 cscript script processing begins
Apr  5 10:42:37 reading commit script configuration
Apr  5 10:42:37 testing commit script configuration
Apr  5 10:42:37 cscript script processing ends
Apr  5 10:42:38 cscript script processing begins
Apr  5 10:42:38 reading commit script configuration
Apr  5 10:42:38 testing commit script configuration
Apr  5 10:42:38 cscript script processing ends
Apr  5 12:29:16 cscript script processing begins
Apr  5 12:29:16 reading commit script configuration
Apr  5 12:29:16 testing commit script configuration
Apr  5 12:29:16 cscript script processing ends
Apr  5 12:29:17 cscript script processing begins
Apr  5 12:29:17 reading commit script configuration
Apr  5 12:29:17 testing commit script configuration
Apr  5 12:29:17 cscript script processing ends
Apr  5 12:29:31 cscript script processing begins
Apr  5 12:29:31 reading commit script configuration
Apr  5 12:29:31 testing commit script configuration
Apr  5 12:29:31 cscript script processing ends
Apr  5 12:29:32 cscript script processing begins
Apr  5 12:29:32 reading commit script configuration
Apr  5 12:29:32 testing commit script configuration
Apr  5 12:29:32 cscript script processing ends
Apr  5 12:36:16 cscript script processing begins
Apr  5 12:36:16 reading commit script configuration
Apr  5 12:36:16 testing commit script configuration
Apr  5 12:36:16 cscript script processing ends
Apr  5 12:36:17 cscript script processing begins
Apr  5 12:36:17 reading commit script configuration
Apr  5 12:36:17 testing commit script configuration
Apr  5 12:36:17 cscript script processing ends
Apr 21 21:06:10 cscript script processing begins
Apr 21 21:06:10 reading commit script configuration
Apr 21 21:06:10 testing commit script configuration
Apr 21 21:06:10 cscript script processing ends
Apr 21 21:06:11 cscript script processing begins
Apr 21 21:06:11 reading commit script configuration
Apr 21 21:06:11 testing commit script configuration
Apr 21 21:06:11 cscript script processing ends
Apr 24 01:06:26 cscript script processing begins
Apr 24 01:06:26 reading commit script configuration
Apr 24 01:06:26 testing commit script configuration
Apr 24 01:06:26 cscript script processing ends
Apr 24 01:06:27 cscript script processing begins
Apr 24 01:06:27 reading commit script configuration
Apr 24 01:06:27 testing commit script configuration
Apr 24 01:06:27 cscript script processing ends
