Mar 22 21:16:33 cscript script processing begins
Mar 22 21:16:33 reading commit script configuration
Mar 22 21:16:33 testing commit script configuration
Mar 22 21:16:33 cscript script processing ends
Mar 22 21:16:33 cscript script processing begins
Mar 22 21:16:33 reading commit script configuration
Mar 22 21:16:33 testing commit script configuration
Mar 22 21:16:33 cscript script processing ends
Mar 22 22:03:03 cscript script processing begins
Mar 22 22:03:03 reading commit script configuration
Mar 22 22:03:03 testing commit script configuration
Mar 22 22:03:03 cscript script processing ends
Mar 22 22:03:04 cscript script processing begins
Mar 22 22:03:04 reading commit script configuration
Mar 22 22:03:04 testing commit script configuration
Mar 22 22:03:04 cscript script processing ends
Mar 22 23:03:28 cscript script processing begins
Mar 22 23:03:28 reading commit script configuration
Mar 22 23:03:28 testing commit script configuration
Mar 22 23:03:28 cscript script processing ends
Mar 22 23:03:29 cscript script processing begins
Mar 22 23:03:29 reading commit script configuration
Mar 22 23:03:29 testing commit script configuration
Mar 22 23:03:29 cscript script processing ends
Mar 25 23:20:40 cscript script processing begins
Mar 25 23:20:40 reading commit script configuration
Mar 25 23:20:40 testing commit script configuration
Mar 25 23:20:40 cscript script processing ends
Mar 25 23:20:41 cscript script processing begins
Mar 25 23:20:41 reading commit script configuration
Mar 25 23:20:41 testing commit script configuration
Mar 25 23:20:41 cscript script processing ends
Mar 25 23:42:30 cscript script processing begins
Mar 25 23:42:30 reading commit script configuration
Mar 25 23:42:30 testing commit script configuration
Mar 25 23:42:30 cscript script processing ends
Mar 25 23:42:30 cscript script processing begins
Mar 25 23:42:30 reading commit script configuration
Mar 25 23:42:30 testing commit script configuration
Mar 25 23:42:30 cscript script processing ends
Mar 26 01:10:17 cscript script processing begins
Mar 26 01:10:17 reading commit script configuration
Mar 26 01:10:17 testing commit script configuration
Mar 26 01:10:17 cscript script processing ends
Mar 26 01:10:18 cscript script processing begins
Mar 26 01:10:18 reading commit script configuration
Mar 26 01:10:18 testing commit script configuration
Mar 26 01:10:18 cscript script processing ends
Mar 26 01:19:12 cscript script processing begins
Mar 26 01:19:12 reading commit script configuration
Mar 26 01:19:12 testing commit script configuration
Mar 26 01:19:12 cscript script processing ends
Mar 26 01:19:13 cscript script processing begins
Mar 26 01:19:13 reading commit script configuration
Mar 26 01:19:13 testing commit script configuration
Mar 26 01:19:13 cscript script processing ends
Mar 26 01:37:55 cscript script processing begins
Mar 26 01:37:55 reading commit script configuration
Mar 26 01:37:55 testing commit script configuration
Mar 26 01:37:55 cscript script processing ends
Mar 26 01:37:56 cscript script processing begins
Mar 26 01:37:56 reading commit script configuration
Mar 26 01:37:56 testing commit script configuration
Mar 26 01:37:56 cscript script processing ends
Mar 26 02:31:19 cscript script processing begins
Mar 26 02:31:19 reading commit script configuration
Mar 26 02:31:19 testing commit script configuration
Mar 26 02:31:19 cscript script processing ends
Mar 26 02:31:20 cscript script processing begins
Mar 26 02:31:20 reading commit script configuration
Mar 26 02:31:20 testing commit script configuration
Mar 26 02:31:20 cscript script processing ends
Mar 26 19:17:57 cscript script processing begins
Mar 26 19:17:57 reading commit script configuration
Mar 26 19:17:57 testing commit script configuration
Mar 26 19:17:57 cscript script processing ends
Mar 26 19:17:58 cscript script processing begins
Mar 26 19:17:58 reading commit script configuration
Mar 26 19:17:58 testing commit script configuration
Mar 26 19:17:58 cscript script processing ends
Mar 26 22:50:50 cscript script processing begins
Mar 26 22:50:50 reading commit script configuration
Mar 26 22:50:50 testing commit script configuration
Mar 26 22:50:50 cscript script processing ends
Mar 26 22:50:51 cscript script processing begins
Mar 26 22:50:51 reading commit script configuration
Mar 26 22:50:51 testing commit script configuration
Mar 26 22:50:51 cscript script processing ends
Mar 27 12:21:50 cscript script processing begins
Mar 27 12:21:50 reading commit script configuration
Mar 27 12:21:50 testing commit script configuration
Mar 27 12:21:50 cscript script processing ends
Mar 27 12:21:51 cscript script processing begins
Mar 27 12:21:51 reading commit script configuration
Mar 27 12:21:51 testing commit script configuration
Mar 27 12:21:51 cscript script processing ends
Mar 27 18:35:11 cscript script processing begins
Mar 27 18:35:11 reading commit script configuration
Mar 27 18:35:11 testing commit script configuration
Mar 27 18:35:11 cscript script processing ends
Mar 27 18:35:12 cscript script processing begins
Mar 27 18:35:12 reading commit script configuration
Mar 27 18:35:12 testing commit script configuration
Mar 27 18:35:12 cscript script processing ends
Mar 28 21:06:32 cscript script processing begins
Mar 28 21:06:32 reading commit script configuration
Mar 28 21:06:32 testing commit script configuration
Mar 28 21:06:32 cscript script processing ends
Mar 28 21:06:33 cscript script processing begins
Mar 28 21:06:33 reading commit script configuration
Mar 28 21:06:33 testing commit script configuration
Mar 28 21:06:33 cscript script processing ends
Apr  5 10:42:39 cscript script processing begins
Apr  5 10:42:39 reading commit script configuration
Apr  5 10:42:39 testing commit script configuration
Apr  5 10:42:39 cscript script processing ends
Apr  5 10:42:40 cscript script processing begins
Apr  5 10:42:40 reading commit script configuration
Apr  5 10:42:40 testing commit script configuration
Apr  5 10:42:40 cscript script processing ends
Apr  5 12:29:17 cscript script processing begins
Apr  5 12:29:17 reading commit script configuration
Apr  5 12:29:17 testing commit script configuration
Apr  5 12:29:17 cscript script processing ends
Apr  5 12:29:18 cscript script processing begins
Apr  5 12:29:18 reading commit script configuration
Apr  5 12:29:18 testing commit script configuration
Apr  5 12:29:18 cscript script processing ends
Apr  5 12:29:30 cscript script processing begins
Apr  5 12:29:30 reading commit script configuration
Apr  5 12:29:30 testing commit script configuration
Apr  5 12:29:30 cscript script processing ends
Apr  5 12:29:31 cscript script processing begins
Apr  5 12:29:31 reading commit script configuration
Apr  5 12:29:31 testing commit script configuration
Apr  5 12:29:31 cscript script processing ends
Apr  5 12:36:14 cscript script processing begins
Apr  5 12:36:14 reading commit script configuration
Apr  5 12:36:14 testing commit script configuration
Apr  5 12:36:14 cscript script processing ends
Apr  5 12:36:15 cscript script processing begins
Apr  5 12:36:15 reading commit script configuration
Apr  5 12:36:15 testing commit script configuration
Apr  5 12:36:15 cscript script processing ends
Apr 21 21:06:13 cscript script processing begins
Apr 21 21:06:13 reading commit script configuration
Apr 21 21:06:13 testing commit script configuration
Apr 21 21:06:13 cscript script processing ends
Apr 21 21:06:14 cscript script processing begins
Apr 21 21:06:14 reading commit script configuration
Apr 21 21:06:14 testing commit script configuration
Apr 21 21:06:14 cscript script processing ends
Apr 24 01:06:29 cscript script processing begins
Apr 24 01:06:29 reading commit script configuration
Apr 24 01:06:29 testing commit script configuration
Apr 24 01:06:29 cscript script processing ends
Apr 24 01:06:30 cscript script processing begins
Apr 24 01:06:30 reading commit script configuration
Apr 24 01:06:30 testing commit script configuration
Apr 24 01:06:30 cscript script processing ends
